  ModelLoading.cpp
E:\GoogleDrive\Hokkaido\Learn CG\LearnCG\CGTutorial\ModelLoading\ModelLoading.cpp(82,28): warning C4244: 'initializing': conversion from 'double' to 'float', possible loss of data
E:\GoogleDrive\Hokkaido\Learn CG\LearnCG\CGTutorial\ModelLoading\ModelLoading.cpp(146,17): warning C4244: '=': conversion from 'double' to 'float', possible loss of data
E:\GoogleDrive\Hokkaido\Learn CG\LearnCG\CGTutorial\ModelLoading\ModelLoading.cpp(147,17): warning C4244: '=': conversion from 'double' to 'float', possible loss of data
E:\GoogleDrive\Hokkaido\Learn CG\LearnCG\CGTutorial\ModelLoading\ModelLoading.cpp(150,19): warning C4244: 'initializing': conversion from 'double' to 'float', possible loss of data
E:\GoogleDrive\Hokkaido\Learn CG\LearnCG\CGTutorial\ModelLoading\ModelLoading.cpp(151,19): warning C4244: 'initializing': conversion from 'double' to 'float', possible loss of data
E:\GoogleDrive\Hokkaido\Learn CG\LearnCG\CGTutorial\ModelLoading\ModelLoading.cpp(152,13): warning C4244: '=': conversion from 'double' to 'float', possible loss of data
E:\GoogleDrive\Hokkaido\Learn CG\LearnCG\CGTutorial\ModelLoading\ModelLoading.cpp(153,13): warning C4244: '=': conversion from 'double' to 'float', possible loss of data
E:\GoogleDrive\Hokkaido\Learn CG\LearnCG\CGTutorial\ModelLoading\ModelLoading.cpp(169,29): warning C4244: 'argument': conversion from 'double' to 'float', possible loss of data
glfw3.lib(context.obj) : warning LNK4099: PDB 'glfw.pdb' was not found with 'glfw3.lib(context.obj)' or at 'E:\GoogleDrive\Hokkaido\Learn CG\LearnCG\CGTutorial\x64\Debug\glfw.pdb'; linking object as if no debug info
glfw3.lib(init.obj) : warning LNK4099: PDB 'glfw.pdb' was not found with 'glfw3.lib(init.obj)' or at 'E:\GoogleDrive\Hokkaido\Learn CG\LearnCG\CGTutorial\x64\Debug\glfw.pdb'; linking object as if no debug info
glfw3.lib(input.obj) : warning LNK4099: PDB 'glfw.pdb' was not found with 'glfw3.lib(input.obj)' or at 'E:\GoogleDrive\Hokkaido\Learn CG\LearnCG\CGTutorial\x64\Debug\glfw.pdb'; linking object as if no debug info
glfw3.lib(monitor.obj) : warning LNK4099: PDB 'glfw.pdb' was not found with 'glfw3.lib(monitor.obj)' or at 'E:\GoogleDrive\Hokkaido\Learn CG\LearnCG\CGTutorial\x64\Debug\glfw.pdb'; linking object as if no debug info
glfw3.lib(vulkan.obj) : warning LNK4099: PDB 'glfw.pdb' was not found with 'glfw3.lib(vulkan.obj)' or at 'E:\GoogleDrive\Hokkaido\Learn CG\LearnCG\CGTutorial\x64\Debug\glfw.pdb'; linking object as if no debug info
glfw3.lib(window.obj) : warning LNK4099: PDB 'glfw.pdb' was not found with 'glfw3.lib(window.obj)' or at 'E:\GoogleDrive\Hokkaido\Learn CG\LearnCG\CGTutorial\x64\Debug\glfw.pdb'; linking object as if no debug info
glfw3.lib(win32_init.obj) : warning LNK4099: PDB 'glfw.pdb' was not found with 'glfw3.lib(win32_init.obj)' or at 'E:\GoogleDrive\Hokkaido\Learn CG\LearnCG\CGTutorial\x64\Debug\glfw.pdb'; linking object as if no debug info
glfw3.lib(win32_joystick.obj) : warning LNK4099: PDB 'glfw.pdb' was not found with 'glfw3.lib(win32_joystick.obj)' or at 'E:\GoogleDrive\Hokkaido\Learn CG\LearnCG\CGTutorial\x64\Debug\glfw.pdb'; linking object as if no debug info
glfw3.lib(win32_monitor.obj) : warning LNK4099: PDB 'glfw.pdb' was not found with 'glfw3.lib(win32_monitor.obj)' or at 'E:\GoogleDrive\Hokkaido\Learn CG\LearnCG\CGTutorial\x64\Debug\glfw.pdb'; linking object as if no debug info
glfw3.lib(win32_time.obj) : warning LNK4099: PDB 'glfw.pdb' was not found with 'glfw3.lib(win32_time.obj)' or at 'E:\GoogleDrive\Hokkaido\Learn CG\LearnCG\CGTutorial\x64\Debug\glfw.pdb'; linking object as if no debug info
glfw3.lib(win32_thread.obj) : warning LNK4099: PDB 'glfw.pdb' was not found with 'glfw3.lib(win32_thread.obj)' or at 'E:\GoogleDrive\Hokkaido\Learn CG\LearnCG\CGTutorial\x64\Debug\glfw.pdb'; linking object as if no debug info
glfw3.lib(win32_window.obj) : warning LNK4099: PDB 'glfw.pdb' was not found with 'glfw3.lib(win32_window.obj)' or at 'E:\GoogleDrive\Hokkaido\Learn CG\LearnCG\CGTutorial\x64\Debug\glfw.pdb'; linking object as if no debug info
glfw3.lib(wgl_context.obj) : warning LNK4099: PDB 'glfw.pdb' was not found with 'glfw3.lib(wgl_context.obj)' or at 'E:\GoogleDrive\Hokkaido\Learn CG\LearnCG\CGTutorial\x64\Debug\glfw.pdb'; linking object as if no debug info
glfw3.lib(egl_context.obj) : warning LNK4099: PDB 'glfw.pdb' was not found with 'glfw3.lib(egl_context.obj)' or at 'E:\GoogleDrive\Hokkaido\Learn CG\LearnCG\CGTutorial\x64\Debug\glfw.pdb'; linking object as if no debug info
glfw3.lib(osmesa_context.obj) : warning LNK4099: PDB 'glfw.pdb' was not found with 'glfw3.lib(osmesa_context.obj)' or at 'E:\GoogleDrive\Hokkaido\Learn CG\LearnCG\CGTutorial\x64\Debug\glfw.pdb'; linking object as if no debug info
  ModelLoading.vcxproj -> E:\GoogleDrive\Hokkaido\Learn CG\LearnCG\CGTutorial\x64\Debug\ModelLoading.exe
